<?xml version="1.0" encoding="UTF-8"?>
<testsuite xmlns:xsi="http://www.w3.org/2001/XMLSchema-instance" xsi:noNamespaceSchemaLocation="https://maven.apache.org/surefire/maven-surefire-plugin/xsd/surefire-test-report.xsd" version="3.0.2" name="com.kaankaplan.movieService.MovieServiceApplicationTests" time="86.979" tests="1" errors="0" skipped="0" failures="0">
  <properties>
[...]
</properties>
  <testcase name="contextLoads" classname="com.kaankaplan.movieService.MovieServiceApplicationTests" time="1.266">
    <system-out><![CDATA[21:22:26.690 [main] INFO org.springframework.test.context.support.AnnotationConfigContextLoaderUtils -- Could not detect default configuration classes for test class [com.kaankaplan.movieService.MovieServiceApplicationTests]: MovieServiceApplicationTests does not declare any static, non-private, non-final, nested classes annotated with @Configuration.
21:22:27.099 [main] INFO org.springframework.boot.test.context.SpringBootTestContextBootstrapper -- Found @SpringBootConfiguration com.kaankaplan.movieService.MovieServiceApplication for test class com.kaankaplan.movieService.MovieServiceApplicationTests

  .   ____          _            __ _ _
 /\\ / ___'_ __ _ _(_)_ __  __ _ \ \ \ \
( ( )\___ | '_ | '_| | '_ \/ _` | \ \ \ \
 \\/  ___)| |_)| | | | | || (_| |  ) ) ) )
  '  |____| .__|_| |_|_| |_\__, | / / / /
 =========|_|==============|___/=/_/_/_/

 :: Spring Boot ::                (v3.4.3)

2026-03-25T21:22:30.831+01:00  INFO 31404 --- [movieService] [           main] [                                                 ] c.k.m.MovieServiceApplicationTests       : Starting MovieServiceApplicationTests using Java 23.0.1 with PID 31404 (started by wadgu in C:\Users\wadgu\OneDrive\Desktop\Functional\moviestreaming\movie-service)
2026-03-25T21:22:30.837+01:00  INFO 31404 --- [movieService] [           main] [                                                 ] c.k.m.MovieServiceApplicationTests       : No active profile set, falling back to 1 default profile: "default"
2026-03-25T21:22:36.564+01:00  INFO 31404 --- [movieService] [           main] [                                                 ] .s.d.r.c.RepositoryConfigurationDelegate : Multiple Spring Data modules found, entering strict repository configuration mode
2026-03-25T21:22:36.572+01:00  INFO 31404 --- [movieService] [           main] [                                                 ] .s.d.r.c.RepositoryConfigurationDelegate : Bootstrapping Spring Data JPA repositories in DEFAULT mode.
2026-03-25T21:22:37.410+01:00  INFO 31404 --- [movieService] [           main] [                                                 ] .s.d.r.c.RepositoryConfigurationDelegate : Finished Spring Data repository scanning in 783 ms. Found 8 JPA repository interfaces.
2026-03-25T21:22:37.480+01:00  INFO 31404 --- [movieService] [           main] [                                                 ] .s.d.r.c.RepositoryConfigurationDelegate : Multiple Spring Data modules found, entering strict repository configuration mode
2026-03-25T21:22:37.487+01:00  INFO 31404 --- [movieService] [           main] [                                                 ] .s.d.r.c.RepositoryConfigurationDelegate : Bootstrapping Spring Data Redis repositories in DEFAULT mode.
2026-03-25T21:22:37.558+01:00  INFO 31404 --- [movieService] [           main] [                                                 ] .RepositoryConfigurationExtensionSupport : Spring Data Redis - Could not safely identify store assignment for repository candidate interface com.kaankaplan.movieService.dao.ActorDao; If you want this repository to be a Redis repository, consider annotating your entities with one of these annotations: org.springframework.data.redis.core.RedisHash (preferred), or consider extending one of the following types with your repository: org.springframework.data.keyvalue.repository.KeyValueRepository
2026-03-25T21:22:37.559+01:00  INFO 31404 --- [movieService] [           main] [                                                 ] .RepositoryConfigurationExtensionSupport : Spring Data Redis - Could not safely identify store assignment for repository candidate interface com.kaankaplan.movieService.dao.CategoryDao; If you want this repository to be a Redis repository, consider annotating your entities with one of these annotations: org.springframework.data.redis.core.RedisHash (preferred), or consider extending one of the following types with your repository: org.springframework.data.keyvalue.repository.KeyValueRepository
2026-03-25T21:22:37.561+01:00  INFO 31404 --- [movieService] [           main] [                                                 ] .RepositoryConfigurationExtensionSupport : Spring Data Redis - Could not safely identify store assignment for repository candidate interface com.kaankaplan.movieService.dao.CityDao; If you want this repository to be a Redis repository, consider annotating your entities with one of these annotations: org.springframework.data.redis.core.RedisHash (preferred), or consider extending one of the following types with your repository: org.springframework.data.keyvalue.repository.KeyValueRepository
2026-03-25T21:22:37.562+01:00  INFO 31404 --- [movieService] [           main] [                                                 ] .RepositoryConfigurationExtensionSupport : Spring Data Redis - Could not safely identify store assignment for repository candidate interface com.kaankaplan.movieService.dao.CommentDao; If you want this repository to be a Redis repository, consider annotating your entities with one of these annotations: org.springframework.data.redis.core.RedisHash (preferred), or consider extending one of the following types with your repository: org.springframework.data.keyvalue.repository.KeyValueRepository
2026-03-25T21:22:37.564+01:00  INFO 31404 --- [movieService] [           main] [                                                 ] .RepositoryConfigurationExtensionSupport : Spring Data Redis - Could not safely identify store assignment for repository candidate interface com.kaankaplan.movieService.dao.DirectorDao; If you want this repository to be a Redis repository, consider annotating your entities with one of these annotations: org.springframework.data.redis.core.RedisHash (preferred), or consider extending one of the following types with your repository: org.springframework.data.keyvalue.repository.KeyValueRepository
2026-03-25T21:22:37.566+01:00  INFO 31404 --- [movieService] [           main] [                                                 ] .RepositoryConfigurationExtensionSupport : Spring Data Redis - Could not safely identify store assignment for repository candidate interface com.kaankaplan.movieService.dao.MovieDao; If you want this repository to be a Redis repository, consider annotating your entities with one of these annotations: org.springframework.data.redis.core.RedisHash (preferred), or consider extending one of the following types with your repository: org.springframework.data.keyvalue.repository.KeyValueRepository
2026-03-25T21:22:37.568+01:00  INFO 31404 --- [movieService] [           main] [                                                 ] .RepositoryConfigurationExtensionSupport : Spring Data Redis - Could not safely identify store assignment for repository candidate interface com.kaankaplan.movieService.dao.MovieImageDao; If you want this repository to be a Redis repository, consider annotating your entities with one of these annotations: org.springframework.data.redis.core.RedisHash (preferred), or consider extending one of the following types with your repository: org.springframework.data.keyvalue.repository.KeyValueRepository
2026-03-25T21:22:37.570+01:00  INFO 31404 --- [movieService] [           main] [                                                 ] .RepositoryConfigurationExtensionSupport : Spring Data Redis - Could not safely identify store assignment for repository candidate interface com.kaankaplan.movieService.dao.MovieSaloonTimeDao; If you want this repository to be a Redis repository, consider annotating your entities with one of these annotations: org.springframework.data.redis.core.RedisHash (preferred), or consider extending one of the following types with your repository: org.springframework.data.keyvalue.repository.KeyValueRepository
2026-03-25T21:22:37.573+01:00  INFO 31404 --- [movieService] [           main] [                                                 ] .s.d.r.c.RepositoryConfigurationDelegate : Finished Spring Data repository scanning in 47 ms. Found 0 Redis repository interfaces.
2026-03-25T21:22:39.152+01:00  INFO 31404 --- [movieService] [           main] [                                                 ] o.s.cloud.context.scope.GenericScope     : BeanFactory id=b2fde50b-255a-3627-9f02-57fad0654007
2026-03-25T21:22:43.836+01:00  INFO 31404 --- [movieService] [           main] [                                                 ] o.hibernate.jpa.internal.util.LogHelper  : HHH000204: Processing PersistenceUnitInfo [name: default]
2026-03-25T21:22:44.172+01:00  INFO 31404 --- [movieService] [           main] [                                                 ] org.hibernate.Version                    : HHH000412: Hibernate ORM core version 6.6.8.Final
2026-03-25T21:22:44.307+01:00  INFO 31404 --- [movieService] [           main] [                                                 ] o.h.c.internal.RegionFactoryInitiator    : HHH000026: Second-level cache disabled
2026-03-25T21:22:45.258+01:00  INFO 31404 --- [movieService] [           main] [                                                 ] o.s.o.j.p.SpringPersistenceUnitInfo      : No LoadTimeWeaver setup: ignoring JPA class transformer
2026-03-25T21:22:45.369+01:00  INFO 31404 --- [movieService] [           main] [                                                 ] com.zaxxer.hikari.HikariDataSource       : HikariPool-1 - Starting...
2026-03-25T21:22:46.060+01:00  INFO 31404 --- [movieService] [           main] [                                                 ] com.zaxxer.hikari.pool.HikariPool        : HikariPool-1 - Added connection org.postgresql.jdbc.PgConnection@5e6ad84c
2026-03-25T21:22:46.070+01:00  INFO 31404 --- [movieService] [           main] [                                                 ] com.zaxxer.hikari.HikariDataSource       : HikariPool-1 - Start completed.
2026-03-25T21:22:46.258+01:00  WARN 31404 --- [movieService] [           main] [                                                 ] org.hibernate.orm.deprecation            : HHH90000025: PostgreSQLDialect does not need to be specified explicitly using 'hibernate.dialect' (remove the property setting and it will be selected by default)
2026-03-25T21:22:46.342+01:00  INFO 31404 --- [movieService] [           main] [                                                 ] org.hibernate.orm.connections.pooling    : HHH10001005: Database info:
	Database JDBC URL [Connecting through datasource 'HikariDataSource (HikariPool-1)']
	Database driver: undefined/unknown
	Database version: 18.3
	Autocommit mode: undefined/unknown
	Isolation level: undefined/unknown
	Minimum pool size: undefined/unknown
	Maximum pool size: undefined/unknown
2026-03-25T21:22:52.277+01:00  INFO 31404 --- [movieService] [           main] [                                                 ] o.h.e.t.j.p.i.JtaPlatformInitiator       : HHH000489: No JTA platform available (set 'hibernate.transaction.jta.platform' to enable JTA platform integration)
Hibernate: 
    create table actor (
        actor_id integer generated by default as identity,
        actor_name varchar(255),
        movie_movie_id integer,
        primary key (actor_id)
    )
Hibernate: 
    create table actor_image (
        image_id integer generated by default as identity,
        image_url varchar(255),
        actor_actor_id integer,
        primary key (image_id)
    )
Hibernate: 
    create table category (
        category_id integer generated by default as identity,
        category_name varchar(255),
        primary key (category_id)
    )
Hibernate: 
    create table city (
        city_id integer generated by default as identity,
        city_name varchar(255),
        movie_id integer,
        primary key (city_id)
    )
Hibernate: 
    create table comment (
        comment_id integer generated by default as identity,
        comment_by varchar(255),
        comment_by_user_id varchar(255),
        comment_text varchar(255),
        movie_movie_id integer,
        primary key (comment_id)
    )
Hibernate: 
    create table director (
        director_id integer generated by default as identity,
        director_name varchar(255),
        primary key (director_id)
    )
Hibernate: 
    create table movie (
        movie_id integer generated by default as identity,
        description varchar(255),
        duration integer not null,
        is_display boolean not null,
        movie_name varchar(255),
        movie_trailer_url varchar(255),
        release_date timestamp(6),
        category_id integer,
        director_id integer,
        primary key (movie_id)
    )
Hibernate: 
    create table movie_image (
        image_id integer generated by default as identity,
        image_url varchar(255),
        movie_movie_id integer,
        primary key (image_id)
    )
Hibernate: 
    create table movie_saloon_time (
        id integer generated by default as identity,
        movie_begin_time varchar(255),
        movie_id integer,
        saloon_id integer,
        primary key (id)
    )
Hibernate: 
    create table saloon (
        saloon_id integer generated by default as identity,
        saloon_name varchar(255),
        city_id integer,
        primary key (saloon_id)
    )
Hibernate: 
    alter table if exists actor_image 
       drop constraint if exists UKdd4wiv2qgkc0j203l0ht8sv94
2026-03-25T21:22:52.561+01:00  WARN 31404 --- [movieService] [           main] [                                                 ] o.h.engine.jdbc.spi.SqlExceptionHelper   : SQL Warning Code: 0, SQLState: 00000
2026-03-25T21:22:52.562+01:00  WARN 31404 --- [movieService] [           main] [                                                 ] o.h.engine.jdbc.spi.SqlExceptionHelper   : constraint "ukdd4wiv2qgkc0j203l0ht8sv94" of relation "actor_image" does not exist, skipping
Hibernate: 
    alter table if exists actor_image 
       add constraint UKdd4wiv2qgkc0j203l0ht8sv94 unique (actor_actor_id)
Hibernate: 
    alter table if exists movie_image 
       drop constraint if exists UKonjlbbw889og4dbhnmh7t0y14
2026-03-25T21:22:52.569+01:00  WARN 31404 --- [movieService] [           main] [                                                 ] o.h.engine.jdbc.spi.SqlExceptionHelper   : SQL Warning Code: 0, SQLState: 00000
2026-03-25T21:22:52.569+01:00  WARN 31404 --- [movieService] [           main] [                                                 ] o.h.engine.jdbc.spi.SqlExceptionHelper   : constraint "ukonjlbbw889og4dbhnmh7t0y14" of relation "movie_image" does not exist, skipping
Hibernate: 
    alter table if exists movie_image 
       add constraint UKonjlbbw889og4dbhnmh7t0y14 unique (movie_movie_id)
Hibernate: 
    alter table if exists actor 
       add constraint FKb8h7lpwjvgb1wv5mms0qvxl5w 
       foreign key (movie_movie_id) 
       references movie
Hibernate: 
    alter table if exists actor_image 
       add constraint FK2rushxe0dc9qx9dasqvlbergd 
       foreign key (actor_actor_id) 
       references actor
Hibernate: 
    alter table if exists city 
       add constraint FKispshc60ai6nt7l5q7lsmyku0 
       foreign key (movie_id) 
       references movie
Hibernate: 
    alter table if exists comment 
       add constraint FKjs98ebenf0873l0qejwk41bpq 
       foreign key (movie_movie_id) 
       references movie
Hibernate: 
    alter table if exists movie 
       add constraint FK5e3qbgdbp67ml7el1odwu65gi 
       foreign key (category_id) 
       references category
Hibernate: 
    alter table if exists movie 
       add constraint FKbi47w3cnsfi30gc1nu2avgra2 
       foreign key (director_id) 
       references director
Hibernate: 
    alter table if exists movie_image 
       add constraint FKj1mtpgo1qvs4fm0yysnkws53q 
       foreign key (movie_movie_id) 
       references movie
Hibernate: 
    alter table if exists movie_saloon_time 
       add constraint FKkho4yq9bov2pkj46h65lqgucn 
       foreign key (movie_id) 
       references movie
Hibernate: 
    alter table if exists movie_saloon_time 
       add constraint FKshpw00unns02iom4dy22aqbwh 
       foreign key (saloon_id) 
       references saloon
Hibernate: 
    alter table if exists saloon 
       add constraint FK3qwjfmjwyuf1mjfel1br2p0f5 
       foreign key (city_id) 
       references city
2026-03-25T21:22:52.651+01:00  INFO 31404 --- [movieService] [           main] [                                                 ] j.LocalContainerEntityManagerFactoryBean : Initialized JPA EntityManagerFactory for persistence unit 'default'
2026-03-25T21:22:54.666+01:00  INFO 31404 --- [movieService] [           main] [                                                 ] o.s.d.j.r.query.QueryEnhancerFactory     : Hibernate is in classpath; If applicable, HQL parser will be used.
2026-03-25T21:23:00.816+01:00  WARN 31404 --- [movieService] [           main] [                                                 ] JpaBaseConfiguration$JpaWebConfiguration : spring.jpa.open-in-view is enabled by default. Therefore, database queries may be performed during view rendering. Explicitly configure spring.jpa.open-in-view to disable this warning
2026-03-25T21:23:04.863+01:00  INFO 31404 --- [movieService] [           main] [                                                 ] o.s.cloud.commons.util.InetUtils         : Cannot determine local hostname
2026-03-25T21:23:06.118+01:00  INFO 31404 --- [movieService] [           main] [                                                 ] o.s.cloud.commons.util.InetUtils         : Cannot determine local hostname
2026-03-25T21:23:10.846+01:00  INFO 31404 --- [movieService] [           main] [                                                 ] o.s.cloud.commons.util.InetUtils         : Cannot determine local hostname
2026-03-25T21:23:10.931+01:00  INFO 31404 --- [movieService] [           main] [                                                 ] DiscoveryClientOptionalArgsConfiguration : Eureka HTTP Client uses RestTemplate.
2026-03-25T21:23:11.503+01:00  INFO 31404 --- [movieService] [           main] [                                                 ] o.a.k.clients.admin.AdminClientConfig    : AdminClientConfig values: 
	auto.include.jmx.reporter = true
	bootstrap.controllers = []
	bootstrap.servers = [localhost:9092]
	client.dns.lookup = use_all_dns_ips
	client.id = movieService-admin-0
	connections.max.idle.ms = 300000
	default.api.timeout.ms = 60000
	enable.metrics.push = true
	metadata.max.age.ms = 300000
	metadata.recovery.strategy = none
	metric.reporters = []
	metrics.num.samples = 2
	metrics.recording.level = INFO
	metrics.sample.window.ms = 30000
	receive.buffer.bytes = 65536
	reconnect.backoff.max.ms = 1000
	reconnect.backoff.ms = 50
	request.timeout.ms = 30000
	retries = 2147483647
	retry.backoff.max.ms = 1000
	retry.backoff.ms = 100
	sasl.client.callback.handler.class = null
	sasl.jaas.config = null
	sasl.kerberos.kinit.cmd = /usr/bin/kinit
	sasl.kerberos.min.time.before.relogin = 60000
	sasl.kerberos.service.name = null
	sasl.kerberos.ticket.renew.jitter = 0.05
	sasl.kerberos.ticket.renew.window.factor = 0.8
	sasl.login.callback.handler.class = null
	sasl.login.class = null
	sasl.login.connect.timeout.ms = null
	sasl.login.read.timeout.ms = null
	sasl.login.refresh.buffer.seconds = 300
	sasl.login.refresh.min.period.seconds = 60
	sasl.login.refresh.window.factor = 0.8
	sasl.login.refresh.window.jitter = 0.05
	sasl.login.retry.backoff.max.ms = 10000
	sasl.login.retry.backoff.ms = 100
	sasl.mechanism = GSSAPI
	sasl.oauthbearer.clock.skew.seconds = 30
	sasl.oauthbearer.expected.audience = null
	sasl.oauthbearer.expected.issuer = null
	sasl.oauthbearer.jwks.endpoint.refresh.ms = 3600000
	sasl.oauthbearer.jwks.endpoint.retry.backoff.max.ms = 10000
	sasl.oauthbearer.jwks.endpoint.retry.backoff.ms = 100
	sasl.oauthbearer.jwks.endpoint.url = null
	sasl.oauthbearer.scope.claim.name = scope
	sasl.oauthbearer.sub.claim.name = sub
	sasl.oauthbearer.token.endpoint.url = null
	security.protocol = PLAINTEXT
	security.providers = null
	send.buffer.bytes = 131072
	socket.connection.setup.timeout.max.ms = 30000
	socket.connection.setup.timeout.ms = 10000
	ssl.cipher.suites = null
	ssl.enabled.protocols = [TLSv1.2, TLSv1.3]
	ssl.endpoint.identification.algorithm = https
	ssl.engine.factory.class = null
	ssl.key.password = null
	ssl.keymanager.algorithm = SunX509
	ssl.keystore.certificate.chain = null
	ssl.keystore.key = null
	ssl.keystore.location = null
	ssl.keystore.password = null
	ssl.keystore.type = JKS
	ssl.protocol = TLSv1.3
	ssl.provider = null
	ssl.secure.random.implementation = null
	ssl.trustmanager.algorithm = PKIX
	ssl.truststore.certificates = null
	ssl.truststore.location = null
	ssl.truststore.password = null
	ssl.truststore.type = JKS

2026-03-25T21:23:11.902+01:00  INFO 31404 --- [movieService] [           main] [                                                 ] o.a.kafka.common.utils.AppInfoParser     : Kafka version: 3.8.1
2026-03-25T21:23:11.903+01:00  INFO 31404 --- [movieService] [           main] [                                                 ] o.a.kafka.common.utils.AppInfoParser     : Kafka commitId: 70d6ff42debf7e17
2026-03-25T21:23:11.904+01:00  INFO 31404 --- [movieService] [           main] [                                                 ] o.a.kafka.common.utils.AppInfoParser     : Kafka startTimeMs: 1774470191898
2026-03-25T21:23:11.946+01:00  INFO 31404 --- [movieService] [Service-admin-0] [                                                 ] org.apache.kafka.clients.NetworkClient   : [AdminClient clientId=movieService-admin-0] Node -1 disconnected.
2026-03-25T21:23:11.951+01:00  WARN 31404 --- [movieService] [Service-admin-0] [                                                 ] org.apache.kafka.clients.NetworkClient   : [AdminClient clientId=movieService-admin-0] Connection to node -1 (localhost/127.0.0.1:9092) could not be established. Node may not be available.
2026-03-25T21:23:12.063+01:00  INFO 31404 --- [movieService] [Service-admin-0] [                                                 ] org.apache.kafka.clients.NetworkClient   : [AdminClient clientId=movieService-admin-0] Node -1 disconnected.
2026-03-25T21:23:12.063+01:00  WARN 31404 --- [movieService] [Service-admin-0] [                                                 ] org.apache.kafka.clients.NetworkClient   : [AdminClient clientId=movieService-admin-0] Connection to node -1 (localhost/127.0.0.1:9092) could not be established. Node may not be available.
2026-03-25T21:23:12.280+01:00  INFO 31404 --- [movieService] [Service-admin-0] [                                                 ] org.apache.kafka.clients.NetworkClient   : [AdminClient clientId=movieService-admin-0] Node -1 disconnected.
2026-03-25T21:23:12.280+01:00  WARN 31404 --- [movieService] [Service-admin-0] [                                                 ] org.apache.kafka.clients.NetworkClient   : [AdminClient clientId=movieService-admin-0] Connection to node -1 (localhost/127.0.0.1:9092) could not be established. Node may not be available.
2026-03-25T21:23:12.496+01:00  INFO 31404 --- [movieService] [Service-admin-0] [                                                 ] org.apache.kafka.clients.NetworkClient   : [AdminClient clientId=movieService-admin-0] Node -1 disconnected.
2026-03-25T21:23:12.498+01:00  WARN 31404 --- [movieService] [Service-admin-0] [                                                 ] org.apache.kafka.clients.NetworkClient   : [AdminClient clientId=movieService-admin-0] Connection to node -1 (localhost/127.0.0.1:9092) could not be established. Node may not be available.
2026-03-25T21:23:12.928+01:00  INFO 31404 --- [movieService] [Service-admin-0] [                                                 ] org.apache.kafka.clients.NetworkClient   : [AdminClient clientId=movieService-admin-0] Node -1 disconnected.
2026-03-25T21:23:12.929+01:00  WARN 31404 --- [movieService] [Service-admin-0] [                                                 ] org.apache.kafka.clients.NetworkClient   : [AdminClient clientId=movieService-admin-0] Connection to node -1 (localhost/127.0.0.1:9092) could not be established. Node may not be available.
2026-03-25T21:23:13.876+01:00  INFO 31404 --- [movieService] [Service-admin-0] [                                                 ] org.apache.kafka.clients.NetworkClient   : [AdminClient clientId=movieService-admin-0] Node -1 disconnected.
2026-03-25T21:23:13.877+01:00  WARN 31404 --- [movieService] [Service-admin-0] [                                                 ] org.apache.kafka.clients.NetworkClient   : [AdminClient clientId=movieService-admin-0] Connection to node -1 (localhost/127.0.0.1:9092) could not be established. Node may not be available.
2026-03-25T21:23:14.850+01:00  INFO 31404 --- [movieService] [Service-admin-0] [                                                 ] org.apache.kafka.clients.NetworkClient   : [AdminClient clientId=movieService-admin-0] Node -1 disconnected.
2026-03-25T21:23:14.850+01:00  WARN 31404 --- [movieService] [Service-admin-0] [                                                 ] org.apache.kafka.clients.NetworkClient   : [AdminClient clientId=movieService-admin-0] Connection to node -1 (localhost/127.0.0.1:9092) could not be established. Node may not be available.
2026-03-25T21:23:15.943+01:00  INFO 31404 --- [movieService] [Service-admin-0] [                                                 ] org.apache.kafka.clients.NetworkClient   : [AdminClient clientId=movieService-admin-0] Node -1 disconnected.
2026-03-25T21:23:15.944+01:00  WARN 31404 --- [movieService] [Service-admin-0] [                                                 ] org.apache.kafka.clients.NetworkClient   : [AdminClient clientId=movieService-admin-0] Connection to node -1 (localhost/127.0.0.1:9092) could not be established. Node may not be available.
2026-03-25T21:23:16.921+01:00  INFO 31404 --- [movieService] [Service-admin-0] [                                                 ] org.apache.kafka.clients.NetworkClient   : [AdminClient clientId=movieService-admin-0] Node -1 disconnected.
2026-03-25T21:23:16.921+01:00  WARN 31404 --- [movieService] [Service-admin-0] [                                                 ] org.apache.kafka.clients.NetworkClient   : [AdminClient clientId=movieService-admin-0] Connection to node -1 (localhost/127.0.0.1:9092) could not be established. Node may not be available.
2026-03-25T21:23:17.995+01:00  INFO 31404 --- [movieService] [Service-admin-0] [                                                 ] org.apache.kafka.clients.NetworkClient   : [AdminClient clientId=movieService-admin-0] Node -1 disconnected.
2026-03-25T21:23:17.995+01:00  WARN 31404 --- [movieService] [Service-admin-0] [                                                 ] org.apache.kafka.clients.NetworkClient   : [AdminClient clientId=movieService-admin-0] Connection to node -1 (localhost/127.0.0.1:9092) could not be established. Node may not be available.
2026-03-25T21:23:18.865+01:00  INFO 31404 --- [movieService] [Service-admin-0] [                                                 ] org.apache.kafka.clients.NetworkClient   : [AdminClient clientId=movieService-admin-0] Node -1 disconnected.
2026-03-25T21:23:18.866+01:00  WARN 31404 --- [movieService] [Service-admin-0] [                                                 ] org.apache.kafka.clients.NetworkClient   : [AdminClient clientId=movieService-admin-0] Connection to node -1 (localhost/127.0.0.1:9092) could not be established. Node may not be available.
2026-03-25T21:23:19.932+01:00  INFO 31404 --- [movieService] [Service-admin-0] [                                                 ] org.apache.kafka.clients.NetworkClient   : [AdminClient clientId=movieService-admin-0] Node -1 disconnected.
2026-03-25T21:23:19.933+01:00  WARN 31404 --- [movieService] [Service-admin-0] [                                                 ] org.apache.kafka.clients.NetworkClient   : [AdminClient clientId=movieService-admin-0] Connection to node -1 (localhost/127.0.0.1:9092) could not be established. Node may not be available.
2026-03-25T21:23:20.803+01:00  INFO 31404 --- [movieService] [Service-admin-0] [                                                 ] org.apache.kafka.clients.NetworkClient   : [AdminClient clientId=movieService-admin-0] Node -1 disconnected.
2026-03-25T21:23:20.804+01:00  WARN 31404 --- [movieService] [Service-admin-0] [                                                 ] org.apache.kafka.clients.NetworkClient   : [AdminClient clientId=movieService-admin-0] Connection to node -1 (localhost/127.0.0.1:9092) could not be established. Node may not be available.
2026-03-25T21:23:21.774+01:00  INFO 31404 --- [movieService] [Service-admin-0] [                                                 ] org.apache.kafka.clients.NetworkClient   : [AdminClient clientId=movieService-admin-0] Node -1 disconnected.
2026-03-25T21:23:21.775+01:00  WARN 31404 --- [movieService] [Service-admin-0] [                                                 ] org.apache.kafka.clients.NetworkClient   : [AdminClient clientId=movieService-admin-0] Connection to node -1 (localhost/127.0.0.1:9092) could not be established. Node may not be available.
2026-03-25T21:23:22.873+01:00  INFO 31404 --- [movieService] [Service-admin-0] [                                                 ] org.apache.kafka.clients.NetworkClient   : [AdminClient clientId=movieService-admin-0] Node -1 disconnected.
2026-03-25T21:23:22.874+01:00  WARN 31404 --- [movieService] [Service-admin-0] [                                                 ] org.apache.kafka.clients.NetworkClient   : [AdminClient clientId=movieService-admin-0] Connection to node -1 (localhost/127.0.0.1:9092) could not be established. Node may not be available.
2026-03-25T21:23:23.959+01:00  INFO 31404 --- [movieService] [Service-admin-0] [                                                 ] org.apache.kafka.clients.NetworkClient   : [AdminClient clientId=movieService-admin-0] Node -1 disconnected.
2026-03-25T21:23:23.960+01:00  WARN 31404 --- [movieService] [Service-admin-0] [                                                 ] org.apache.kafka.clients.NetworkClient   : [AdminClient clientId=movieService-admin-0] Connection to node -1 (localhost/127.0.0.1:9092) could not be established. Node may not be available.
2026-03-25T21:23:24.984+01:00  INFO 31404 --- [movieService] [Service-admin-0] [                                                 ] org.apache.kafka.clients.NetworkClient   : [AdminClient clientId=movieService-admin-0] Node -1 disconnected.
2026-03-25T21:23:24.985+01:00  WARN 31404 --- [movieService] [Service-admin-0] [                                                 ] org.apache.kafka.clients.NetworkClient   : [AdminClient clientId=movieService-admin-0] Connection to node -1 (localhost/127.0.0.1:9092) could not be established. Node may not be available.
2026-03-25T21:23:25.855+01:00  INFO 31404 --- [movieService] [Service-admin-0] [                                                 ] org.apache.kafka.clients.NetworkClient   : [AdminClient clientId=movieService-admin-0] Node -1 disconnected.
2026-03-25T21:23:25.856+01:00  WARN 31404 --- [movieService] [Service-admin-0] [                                                 ] org.apache.kafka.clients.NetworkClient   : [AdminClient clientId=movieService-admin-0] Connection to node -1 (localhost/127.0.0.1:9092) could not be established. Node may not be available.
2026-03-25T21:23:26.910+01:00  INFO 31404 --- [movieService] [Service-admin-0] [                                                 ] org.apache.kafka.clients.NetworkClient   : [AdminClient clientId=movieService-admin-0] Node -1 disconnected.
2026-03-25T21:23:26.911+01:00  WARN 31404 --- [movieService] [Service-admin-0] [                                                 ] org.apache.kafka.clients.NetworkClient   : [AdminClient clientId=movieService-admin-0] Connection to node -1 (localhost/127.0.0.1:9092) could not be established. Node may not be available.
2026-03-25T21:23:27.972+01:00  INFO 31404 --- [movieService] [Service-admin-0] [                                                 ] org.apache.kafka.clients.NetworkClient   : [AdminClient clientId=movieService-admin-0] Node -1 disconnected.
2026-03-25T21:23:27.972+01:00  WARN 31404 --- [movieService] [Service-admin-0] [                                                 ] org.apache.kafka.clients.NetworkClient   : [AdminClient clientId=movieService-admin-0] Connection to node -1 (localhost/127.0.0.1:9092) could not be established. Node may not be available.
2026-03-25T21:23:29.069+01:00  INFO 31404 --- [movieService] [Service-admin-0] [                                                 ] org.apache.kafka.clients.NetworkClient   : [AdminClient clientId=movieService-admin-0] Node -1 disconnected.
2026-03-25T21:23:29.070+01:00  WARN 31404 --- [movieService] [Service-admin-0] [                                                 ] org.apache.kafka.clients.NetworkClient   : [AdminClient clientId=movieService-admin-0] Connection to node -1 (localhost/127.0.0.1:9092) could not be established. Node may not be available.
2026-03-25T21:23:30.048+01:00  INFO 31404 --- [movieService] [Service-admin-0] [                                                 ] org.apache.kafka.clients.NetworkClient   : [AdminClient clientId=movieService-admin-0] Node -1 disconnected.
2026-03-25T21:23:30.049+01:00  WARN 31404 --- [movieService] [Service-admin-0] [                                                 ] org.apache.kafka.clients.NetworkClient   : [AdminClient clientId=movieService-admin-0] Connection to node -1 (localhost/127.0.0.1:9092) could not be established. Node may not be available.
2026-03-25T21:23:31.137+01:00  INFO 31404 --- [movieService] [Service-admin-0] [                                                 ] org.apache.kafka.clients.NetworkClient   : [AdminClient clientId=movieService-admin-0] Node -1 disconnected.
2026-03-25T21:23:31.137+01:00  WARN 31404 --- [movieService] [Service-admin-0] [                                                 ] org.apache.kafka.clients.NetworkClient   : [AdminClient clientId=movieService-admin-0] Connection to node -1 (localhost/127.0.0.1:9092) could not be established. Node may not be available.
2026-03-25T21:23:32.108+01:00  INFO 31404 --- [movieService] [Service-admin-0] [                                                 ] org.apache.kafka.clients.NetworkClient   : [AdminClient clientId=movieService-admin-0] Node -1 disconnected.
2026-03-25T21:23:32.109+01:00  WARN 31404 --- [movieService] [Service-admin-0] [                                                 ] org.apache.kafka.clients.NetworkClient   : [AdminClient clientId=movieService-admin-0] Connection to node -1 (localhost/127.0.0.1:9092) could not be established. Node may not be available.
2026-03-25T21:23:33.084+01:00  INFO 31404 --- [movieService] [Service-admin-0] [                                                 ] org.apache.kafka.clients.NetworkClient   : [AdminClient clientId=movieService-admin-0] Node -1 disconnected.
2026-03-25T21:23:33.085+01:00  WARN 31404 --- [movieService] [Service-admin-0] [                                                 ] org.apache.kafka.clients.NetworkClient   : [AdminClient clientId=movieService-admin-0] Connection to node -1 (localhost/127.0.0.1:9092) could not be established. Node may not be available.
2026-03-25T21:23:34.066+01:00  INFO 31404 --- [movieService] [Service-admin-0] [                                                 ] org.apache.kafka.clients.NetworkClient   : [AdminClient clientId=movieService-admin-0] Node -1 disconnected.
2026-03-25T21:23:34.067+01:00  WARN 31404 --- [movieService] [Service-admin-0] [                                                 ] org.apache.kafka.clients.NetworkClient   : [AdminClient clientId=movieService-admin-0] Connection to node -1 (localhost/127.0.0.1:9092) could not be established. Node may not be available.
2026-03-25T21:23:35.135+01:00  INFO 31404 --- [movieService] [Service-admin-0] [                                                 ] org.apache.kafka.clients.NetworkClient   : [AdminClient clientId=movieService-admin-0] Node -1 disconnected.
2026-03-25T21:23:35.137+01:00  WARN 31404 --- [movieService] [Service-admin-0] [                                                 ] org.apache.kafka.clients.NetworkClient   : [AdminClient clientId=movieService-admin-0] Connection to node -1 (localhost/127.0.0.1:9092) could not be established. Node may not be available.
2026-03-25T21:23:36.112+01:00  INFO 31404 --- [movieService] [Service-admin-0] [                                                 ] org.apache.kafka.clients.NetworkClient   : [AdminClient clientId=movieService-admin-0] Node -1 disconnected.
2026-03-25T21:23:36.113+01:00  WARN 31404 --- [movieService] [Service-admin-0] [                                                 ] org.apache.kafka.clients.NetworkClient   : [AdminClient clientId=movieService-admin-0] Connection to node -1 (localhost/127.0.0.1:9092) could not be established. Node may not be available.
2026-03-25T21:23:37.193+01:00  INFO 31404 --- [movieService] [Service-admin-0] [                                                 ] org.apache.kafka.clients.NetworkClient   : [AdminClient clientId=movieService-admin-0] Node -1 disconnected.
2026-03-25T21:23:37.195+01:00  WARN 31404 --- [movieService] [Service-admin-0] [                                                 ] org.apache.kafka.clients.NetworkClient   : [AdminClient clientId=movieService-admin-0] Connection to node -1 (localhost/127.0.0.1:9092) could not be established. Node may not be available.
2026-03-25T21:23:38.271+01:00  INFO 31404 --- [movieService] [Service-admin-0] [                                                 ] org.apache.kafka.clients.NetworkClient   : [AdminClient clientId=movieService-admin-0] Node -1 disconnected.
2026-03-25T21:23:38.272+01:00  WARN 31404 --- [movieService] [Service-admin-0] [                                                 ] org.apache.kafka.clients.NetworkClient   : [AdminClient clientId=movieService-admin-0] Connection to node -1 (localhost/127.0.0.1:9092) could not be established. Node may not be available.
2026-03-25T21:23:39.364+01:00  INFO 31404 --- [movieService] [Service-admin-0] [                                                 ] org.apache.kafka.clients.NetworkClient   : [AdminClient clientId=movieService-admin-0] Node -1 disconnected.
2026-03-25T21:23:39.365+01:00  WARN 31404 --- [movieService] [Service-admin-0] [                                                 ] org.apache.kafka.clients.NetworkClient   : [AdminClient clientId=movieService-admin-0] Connection to node -1 (localhost/127.0.0.1:9092) could not be established. Node may not be available.
2026-03-25T21:23:40.218+01:00  INFO 31404 --- [movieService] [Service-admin-0] [                                                 ] org.apache.kafka.clients.NetworkClient   : [AdminClient clientId=movieService-admin-0] Node -1 disconnected.
2026-03-25T21:23:40.219+01:00  WARN 31404 --- [movieService] [Service-admin-0] [                                                 ] org.apache.kafka.clients.NetworkClient   : [AdminClient clientId=movieService-admin-0] Connection to node -1 (localhost/127.0.0.1:9092) could not be established. Node may not be available.
2026-03-25T21:23:41.301+01:00  INFO 31404 --- [movieService] [Service-admin-0] [                                                 ] org.apache.kafka.clients.NetworkClient   : [AdminClient clientId=movieService-admin-0] Node -1 disconnected.
2026-03-25T21:23:41.301+01:00  WARN 31404 --- [movieService] [Service-admin-0] [                                                 ] org.apache.kafka.clients.NetworkClient   : [AdminClient clientId=movieService-admin-0] Connection to node -1 (localhost/127.0.0.1:9092) could not be established. Node may not be available.
2026-03-25T21:23:41.918+01:00  INFO 31404 --- [movieService] [Service-admin-0] [                                                 ] o.a.k.c.a.i.AdminMetadataManager         : [AdminClient clientId=movieService-admin-0] Metadata update failed

org.apache.kafka.common.errors.TimeoutException: Timed out waiting for a node assignment. Call: fetchMetadata

2026-03-25T21:23:41.935+01:00 ERROR 31404 --- [movieService] [           main] [                                                 ] o.springframework.kafka.core.KafkaAdmin  : Could not configure topics

org.springframework.kafka.KafkaException: Timed out waiting to get existing topics
	at org.springframework.kafka.core.KafkaAdmin.lambda$checkPartitions$13(KafkaAdmin.java:571)
	at java.base/java.util.HashMap.forEach(HashMap.java:1430)
	at java.base/java.util.Collections$UnmodifiableMap.forEach(Collections.java:1708)
	at org.springframework.kafka.core.KafkaAdmin.checkPartitions(KafkaAdmin.java:550)
	at org.springframework.kafka.core.KafkaAdmin.addOrModifyTopicsIfNeeded(KafkaAdmin.java:443)
	at org.springframework.kafka.core.KafkaAdmin.initialize(KafkaAdmin.java:276)
	at org.springframework.kafka.core.KafkaAdmin.afterSingletonsInstantiated(KafkaAdmin.java:245)
	at org.springframework.beans.factory.support.DefaultListableBeanFactory.preInstantiateSingletons(DefaultListableBeanFactory.java:1083)
	at org.springframework.context.support.AbstractApplicationContext.finishBeanFactoryInitialization(AbstractApplicationContext.java:987)
	at org.springframework.context.support.AbstractApplicationContext.refresh(AbstractApplicationContext.java:627)
	at org.springframework.boot.SpringApplication.refresh(SpringApplication.java:752)
	at org.springframework.boot.SpringApplication.refreshContext(SpringApplication.java:439)
	at org.springframework.boot.SpringApplication.run(SpringApplication.java:318)
	at org.springframework.boot.test.context.SpringBootContextLoader.lambda$loadContext$3(SpringBootContextLoader.java:137)
	at org.springframework.util.function.ThrowingSupplier.get(ThrowingSupplier.java:58)
	at org.springframework.util.function.ThrowingSupplier.get(ThrowingSupplier.java:46)
	at org.springframework.boot.SpringApplication.withHook(SpringApplication.java:1461)
	at org.springframework.boot.test.context.SpringBootContextLoader$ContextLoaderHook.run(SpringBootContextLoader.java:553)
	at org.springframework.boot.test.context.SpringBootContextLoader.loadContext(SpringBootContextLoader.java:137)
	at org.springframework.boot.test.context.SpringBootContextLoader.loadContext(SpringBootContextLoader.java:108)
	at org.springframework.test.context.cache.DefaultCacheAwareContextLoaderDelegate.loadContextInternal(DefaultCacheAwareContextLoaderDelegate.java:225)
	at org.springframework.test.context.cache.DefaultCacheAwareContextLoaderDelegate.loadContext(DefaultCacheAwareContextLoaderDelegate.java:152)
	at org.springframework.test.context.support.DefaultTestContext.getApplicationContext(DefaultTestContext.java:130)
	at org.springframework.test.context.web.ServletTestExecutionListener.setUpRequestContextIfNecessary(ServletTestExecutionListener.java:200)
	at org.springframework.test.context.web.ServletTestExecutionListener.prepareTestInstance(ServletTestExecutionListener.java:139)
	at org.springframework.test.context.TestContextManager.prepareTestInstance(TestContextManager.java:260)
	at org.springframework.test.context.junit.jupiter.SpringExtension.postProcessTestInstance(SpringExtension.java:160)
	at org.junit.jupiter.engine.descriptor.ClassBasedTestDescriptor.lambda$invokeTestInstancePostProcessors$11(ClassBasedTestDescriptor.java:378)
	at org.junit.jupiter.engine.descriptor.ClassBasedTestDescriptor.executeAndMaskThrowable(ClassBasedTestDescriptor.java:383)
	at org.junit.jupiter.engine.descriptor.ClassBasedTestDescriptor.lambda$invokeTestInstancePostProcessors$12(ClassBasedTestDescriptor.java:378)
	at java.base/java.util.stream.ForEachOps$ForEachOp$OfRef.accept(ForEachOps.java:184)
	at java.base/java.util.stream.ReferencePipeline$3$1.accept(ReferencePipeline.java:215)
	at java.base/java.util.stream.ReferencePipeline$2$1.accept(ReferencePipeline.java:197)
	at java.base/java.util.stream.ReferencePipeline$3$1.accept(ReferencePipeline.java:215)
	at java.base/java.util.ArrayList$ArrayListSpliterator.forEachRemaining(ArrayList.java:1709)
	at java.base/java.util.stream.AbstractPipeline.copyInto(AbstractPipeline.java:570)
	at java.base/java.util.stream.AbstractPipeline.wrapAndCopyInto(AbstractPipeline.java:560)
	at java.base/java.util.stream.ForEachOps$ForEachOp.evaluateSequential(ForEachOps.java:151)
	at java.base/java.util.stream.ForEachOps$ForEachOp$OfRef.evaluateSequential(ForEachOps.java:174)
	at java.base/java.util.stream.AbstractPipeline.evaluate(AbstractPipeline.java:265)
	at java.base/java.util.stream.ReferencePipeline.forEach(ReferencePipeline.java:636)
	at org.junit.jupiter.engine.descriptor.ClassBasedTestDescriptor.invokeTestInstancePostProcessors(ClassBasedTestDescriptor.java:377)
	at org.junit.jupiter.engine.descriptor.ClassBasedTestDescriptor.lambda$instantiateAndPostProcessTestInstance$7(ClassBasedTestDescriptor.java:290)
	at org.junit.platform.engine.support.hierarchical.ThrowableCollector.execute(ThrowableCollector.java:73)
	at org.junit.jupiter.engine.descriptor.ClassBasedTestDescriptor.instantiateAndPostProcessTestInstance(ClassBasedTestDescriptor.java:289)
	at org.junit.jupiter.engine.descriptor.ClassBasedTestDescriptor.lambda$testInstancesProvider$5(ClassBasedTestDescriptor.java:279)
	at java.base/java.util.Optional.orElseGet(Optional.java:364)
	at org.junit.jupiter.engine.descriptor.ClassBasedTestDescriptor.lambda$testInstancesProvider$6(ClassBasedTestDescriptor.java:278)
	at org.junit.jupiter.engine.execution.TestInstancesProvider.getTestInstances(TestInstancesProvider.java:31)
	at org.junit.jupiter.engine.descriptor.TestMethodTestDescriptor.lambda$prepare$1(TestMethodTestDescriptor.java:105)
	at org.junit.platform.engine.support.hierarchical.ThrowableCollector.execute(ThrowableCollector.java:73)
	at org.junit.jupiter.engine.descriptor.TestMethodTestDescriptor.prepare(TestMethodTestDescriptor.java:104)
	at org.junit.jupiter.engine.descriptor.TestMethodTestDescriptor.prepare(TestMethodTestDescriptor.java:68)
	at org.junit.platform.engine.support.hierarchical.NodeTestTask.lambda$prepare$2(NodeTestTask.java:128)
	at org.junit.platform.engine.support.hierarchical.ThrowableCollector.execute(ThrowableCollector.java:73)
	at org.junit.platform.engine.support.hierarchical.NodeTestTask.prepare(NodeTestTask.java:128)
	at org.junit.platform.engine.support.hierarchical.NodeTestTask.execute(NodeTestTask.java:95)
	at java.base/java.util.ArrayList.forEach(ArrayList.java:1597)
	at org.junit.platform.engine.support.hierarchical.SameThreadHierarchicalTestExecutorService.invokeAll(SameThreadHierarchicalTestExecutorService.java:41)
	at org.junit.platform.engine.support.hierarchical.NodeTestTask.lambda$executeRecursively$6(NodeTestTask.java:160)
	at org.junit.platform.engine.support.hierarchical.ThrowableCollector.execute(ThrowableCollector.java:73)
	at org.junit.platform.engine.support.hierarchical.NodeTestTask.lambda$executeRecursively$8(NodeTestTask.java:146)
	at org.junit.platform.engine.support.hierarchical.Node.around(Node.java:137)
	at org.junit.platform.engine.support.hierarchical.NodeTestTask.lambda$executeRecursively$9(NodeTestTask.java:144)
	at org.junit.platform.engine.support.hierarchical.ThrowableCollector.execute(ThrowableCollector.java:73)
	at org.junit.platform.engine.support.hierarchical.NodeTestTask.executeRecursively(NodeTestTask.java:143)
	at org.junit.platform.engine.support.hierarchical.NodeTestTask.execute(NodeTestTask.java:100)
	at java.base/java.util.ArrayList.forEach(ArrayList.java:1597)
	at org.junit.platform.engine.support.hierarchical.SameThreadHierarchicalTestExecutorService.invokeAll(SameThreadHierarchicalTestExecutorService.java:41)
	at org.junit.platform.engine.support.hierarchical.NodeTestTask.lambda$executeRecursively$6(NodeTestTask.java:160)
	at org.junit.platform.engine.support.hierarchical.ThrowableCollector.execute(ThrowableCollector.java:73)
	at org.junit.platform.engine.support.hierarchical.NodeTestTask.lambda$executeRecursively$8(NodeTestTask.java:146)
	at org.junit.platform.engine.support.hierarchical.Node.around(Node.java:137)
	at org.junit.platform.engine.support.hierarchical.NodeTestTask.lambda$executeRecursively$9(NodeTestTask.java:144)
	at org.junit.platform.engine.support.hierarchical.ThrowableCollector.execute(ThrowableCollector.java:73)
	at org.junit.platform.engine.support.hierarchical.NodeTestTask.executeRecursively(NodeTestTask.java:143)
	at org.junit.platform.engine.support.hierarchical.NodeTestTask.execute(NodeTestTask.java:100)
	at org.junit.platform.engine.support.hierarchical.SameThreadHierarchicalTestExecutorService.submit(SameThreadHierarchicalTestExecutorService.java:35)
	at org.junit.platform.engine.support.hierarchical.HierarchicalTestExecutor.execute(HierarchicalTestExecutor.java:57)
	at org.junit.platform.engine.support.hierarchical.HierarchicalTestEngine.execute(HierarchicalTestEngine.java:54)
	at org.junit.platform.launcher.core.EngineExecutionOrchestrator.execute(EngineExecutionOrchestrator.java:198)
	at org.junit.platform.launcher.core.EngineExecutionOrchestrator.execute(EngineExecutionOrchestrator.java:169)
	at org.junit.platform.launcher.core.EngineExecutionOrchestrator.execute(EngineExecutionOrchestrator.java:93)
	at org.junit.platform.launcher.core.EngineExecutionOrchestrator.lambda$execute$0(EngineExecutionOrchestrator.java:58)
	at org.junit.platform.launcher.core.EngineExecutionOrchestrator.withInterceptedStreams(EngineExecutionOrchestrator.java:141)
	at org.junit.platform.launcher.core.EngineExecutionOrchestrator.execute(EngineExecutionOrchestrator.java:57)
	at org.junit.platform.launcher.core.DefaultLauncher.execute(DefaultLauncher.java:103)
	at org.junit.platform.launcher.core.DefaultLauncher.execute(DefaultLauncher.java:85)
	at org.junit.platform.launcher.core.DelegatingLauncher.execute(DelegatingLauncher.java:47)
	at org.apache.maven.surefire.junitplatform.LazyLauncher.execute(LazyLauncher.java:56)
	at org.apache.maven.surefire.junitplatform.JUnitPlatformProvider.execute(JUnitPlatformProvider.java:184)
	at org.apache.maven.surefire.junitplatform.JUnitPlatformProvider.invokeAllTests(JUnitPlatformProvider.java:148)
	at org.apache.maven.surefire.junitplatform.JUnitPlatformProvider.invoke(JUnitPlatformProvider.java:122)
	at org.apache.maven.surefire.booter.ForkedBooter.runSuitesInProcess(ForkedBooter.java:385)
	at org.apache.maven.surefire.booter.ForkedBooter.execute(ForkedBooter.java:162)
	at org.apache.maven.surefire.booter.ForkedBooter.run(ForkedBooter.java:507)
	at org.apache.maven.surefire.booter.ForkedBooter.main(ForkedBooter.java:495)
Caused by: java.util.concurrent.TimeoutException: null
	at java.base/java.util.concurrent.CompletableFuture.timedGet(CompletableFuture.java:2004)
	at java.base/java.util.concurrent.CompletableFuture.get(CompletableFuture.java:2139)
	at org.apache.kafka.common.internals.KafkaFutureImpl.get(KafkaFutureImpl.java:180)
	at org.springframework.kafka.core.KafkaAdmin.lambda$checkPartitions$13(KafkaAdmin.java:553)
	... 96 common frames omitted

2026-03-25T21:23:42.153+01:00  INFO 31404 --- [movieService] [Service-admin-0] [                                                 ] org.apache.kafka.clients.NetworkClient   : [AdminClient clientId=movieService-admin-0] Node -1 disconnected.
2026-03-25T21:23:42.154+01:00  WARN 31404 --- [movieService] [Service-admin-0] [                                                 ] org.apache.kafka.clients.NetworkClient   : [AdminClient clientId=movieService-admin-0] Connection to node -1 (localhost/127.0.0.1:9092) could not be established. Node may not be available.
2026-03-25T21:23:43.088+01:00  INFO 31404 --- [movieService] [Service-admin-0] [                                                 ] org.apache.kafka.clients.NetworkClient   : [AdminClient clientId=movieService-admin-0] Node -1 disconnected.
2026-03-25T21:23:43.088+01:00  WARN 31404 --- [movieService] [Service-admin-0] [                                                 ] org.apache.kafka.clients.NetworkClient   : [AdminClient clientId=movieService-admin-0] Connection to node -1 (localhost/127.0.0.1:9092) could not be established. Node may not be available.
2026-03-25T21:23:44.062+01:00  INFO 31404 --- [movieService] [Service-admin-0] [                                                 ] org.apache.kafka.clients.NetworkClient   : [AdminClient clientId=movieService-admin-0] Node -1 disconnected.
2026-03-25T21:23:44.063+01:00  WARN 31404 --- [movieService] [Service-admin-0] [                                                 ] org.apache.kafka.clients.NetworkClient   : [AdminClient clientId=movieService-admin-0] Connection to node -1 (localhost/127.0.0.1:9092) could not be established. Node may not be available.
2026-03-25T21:23:45.132+01:00  INFO 31404 --- [movieService] [Service-admin-0] [                                                 ] org.apache.kafka.clients.NetworkClient   : [AdminClient clientId=movieService-admin-0] Node -1 disconnected.
2026-03-25T21:23:45.132+01:00  WARN 31404 --- [movieService] [Service-admin-0] [                                                 ] org.apache.kafka.clients.NetworkClient   : [AdminClient clientId=movieService-admin-0] Connection to node -1 (localhost/127.0.0.1:9092) could not be established. Node may not be available.
2026-03-25T21:23:46.221+01:00  INFO 31404 --- [movieService] [Service-admin-0] [                                                 ] org.apache.kafka.clients.NetworkClient   : [AdminClient clientId=movieService-admin-0] Node -1 disconnected.
2026-03-25T21:23:46.222+01:00  WARN 31404 --- [movieService] [Service-admin-0] [                                                 ] org.apache.kafka.clients.NetworkClient   : [AdminClient clientId=movieService-admin-0] Connection to node -1 (localhost/127.0.0.1:9092) could not be established. Node may not be available.
2026-03-25T21:23:47.307+01:00  INFO 31404 --- [movieService] [Service-admin-0] [                                                 ] org.apache.kafka.clients.NetworkClient   : [AdminClient clientId=movieService-admin-0] Node -1 disconnected.
2026-03-25T21:23:47.308+01:00  WARN 31404 --- [movieService] [Service-admin-0] [                                                 ] org.apache.kafka.clients.NetworkClient   : [AdminClient clientId=movieService-admin-0] Connection to node -1 (localhost/127.0.0.1:9092) could not be established. Node may not be available.
2026-03-25T21:23:48.169+01:00  INFO 31404 --- [movieService] [Service-admin-0] [                                                 ] org.apache.kafka.clients.NetworkClient   : [AdminClient clientId=movieService-admin-0] Node -1 disconnected.
2026-03-25T21:23:48.170+01:00  WARN 31404 --- [movieService] [Service-admin-0] [                                                 ] org.apache.kafka.clients.NetworkClient   : [AdminClient clientId=movieService-admin-0] Connection to node -1 (localhost/127.0.0.1:9092) could not be established. Node may not be available.
2026-03-25T21:23:49.262+01:00  INFO 31404 --- [movieService] [Service-admin-0] [                                                 ] org.apache.kafka.clients.NetworkClient   : [AdminClient clientId=movieService-admin-0] Node -1 disconnected.
2026-03-25T21:23:49.263+01:00  WARN 31404 --- [movieService] [Service-admin-0] [                                                 ] org.apache.kafka.clients.NetworkClient   : [AdminClient clientId=movieService-admin-0] Connection to node -1 (localhost/127.0.0.1:9092) could not be established. Node may not be available.
2026-03-25T21:23:50.332+01:00  INFO 31404 --- [movieService] [Service-admin-0] [                                                 ] org.apache.kafka.clients.NetworkClient   : [AdminClient clientId=movieService-admin-0] Node -1 disconnected.
2026-03-25T21:23:50.332+01:00  WARN 31404 --- [movieService] [Service-admin-0] [                                                 ] org.apache.kafka.clients.NetworkClient   : [AdminClient clientId=movieService-admin-0] Connection to node -1 (localhost/127.0.0.1:9092) could not be established. Node may not be available.
2026-03-25T21:23:51.415+01:00  INFO 31404 --- [movieService] [Service-admin-0] [                                                 ] org.apache.kafka.clients.NetworkClient   : [AdminClient clientId=movieService-admin-0] Node -1 disconnected.
2026-03-25T21:23:51.416+01:00  WARN 31404 --- [movieService] [Service-admin-0] [                                                 ] org.apache.kafka.clients.NetworkClient   : [AdminClient clientId=movieService-admin-0] Connection to node -1 (localhost/127.0.0.1:9092) could not be established. Node may not be available.
2026-03-25T21:23:51.942+01:00  INFO 31404 --- [movieService] [Service-admin-0] [                                                 ] o.a.k.clients.admin.KafkaAdminClient     : [AdminClient clientId=movieService-admin-0] Forcing a hard I/O thread shutdown. Requests in progress will be aborted.
2026-03-25T21:23:51.944+01:00  INFO 31404 --- [movieService] [Service-admin-0] [                                                 ] o.a.kafka.common.utils.AppInfoParser     : App info kafka.admin.client for movieService-admin-0 unregistered
2026-03-25T21:23:51.946+01:00  INFO 31404 --- [movieService] [Service-admin-0] [                                                 ] o.a.k.c.a.i.AdminMetadataManager         : [AdminClient clientId=movieService-admin-0] Metadata update failed

org.apache.kafka.common.errors.TimeoutException: The AdminClient thread has exited. Call: fetchMetadata

2026-03-25T21:23:51.947+01:00  INFO 31404 --- [movieService] [Service-admin-0] [                                                 ] o.a.k.clients.admin.KafkaAdminClient     : [AdminClient clientId=movieService-admin-0] Timed out 2 remaining operation(s) during close.
2026-03-25T21:23:51.955+01:00  INFO 31404 --- [movieService] [Service-admin-0] [                                                 ] o.apache.kafka.common.metrics.Metrics    : Metrics scheduler closed
2026-03-25T21:23:51.956+01:00  INFO 31404 --- [movieService] [Service-admin-0] [                                                 ] o.apache.kafka.common.metrics.Metrics    : Closing reporter org.apache.kafka.common.metrics.JmxReporter
2026-03-25T21:23:51.956+01:00  INFO 31404 --- [movieService] [Service-admin-0] [                                                 ] o.apache.kafka.common.metrics.Metrics    : Metrics reporters closed
2026-03-25T21:23:52.045+01:00  INFO 31404 --- [movieService] [           main] [                                                 ] c.k.m.MovieServiceApplicationTests       : Started MovieServiceApplicationTests in 83.897 seconds (process running for 88.042)
]]></system-out>
    <system-err><![CDATA[Mar 25, 2026 9:22:25 PM org.junit.platform.launcher.core.LauncherConfigurationParameters loadClasspathResource
WARNING: Discovered 3 'junit-platform.properties' configuration files on the classpath (see below); only the first (*) will be used.
- jar:file:/C:/Users/wadgu/.m2/repository/org/apache/kafka/kafka-clients/3.8.1/kafka-clients-3.8.1-test.jar!/junit-platform.properties (*)
- jar:file:/C:/Users/wadgu/.m2/repository/org/apache/kafka/kafka-server-common/3.8.1/kafka-server-common-3.8.1-test.jar!/junit-platform.properties
- jar:file:/C:/Users/wadgu/.m2/repository/org/apache/kafka/kafka_2.13/3.8.1/kafka_2.13-3.8.1-test.jar!/junit-platform.properties
Mar 25, 2026 9:22:25 PM org.junit.platform.launcher.core.LauncherConfigurationParameters loadClasspathResource
WARNING: Discovered 3 'junit-platform.properties' configuration files on the classpath (see below); only the first (*) will be used.
- jar:file:/C:/Users/wadgu/.m2/repository/org/apache/kafka/kafka-clients/3.8.1/kafka-clients-3.8.1-test.jar!/junit-platform.properties (*)
- jar:file:/C:/Users/wadgu/.m2/repository/org/apache/kafka/kafka-server-common/3.8.1/kafka-server-common-3.8.1-test.jar!/junit-platform.properties
- jar:file:/C:/Users/wadgu/.m2/repository/org/apache/kafka/kafka_2.13/3.8.1/kafka_2.13-3.8.1-test.jar!/junit-platform.properties
Mar 25, 2026 9:22:25 PM org.junit.platform.launcher.core.LauncherConfigurationParameters loadClasspathResource
WARNING: Discovered 3 'junit-platform.properties' configuration files on the classpath (see below); only the first (*) will be used.
- jar:file:/C:/Users/wadgu/.m2/repository/org/apache/kafka/kafka-clients/3.8.1/kafka-clients-3.8.1-test.jar!/junit-platform.properties (*)
- jar:file:/C:/Users/wadgu/.m2/repository/org/apache/kafka/kafka-server-common/3.8.1/kafka-server-common-3.8.1-test.jar!/junit-platform.properties
- jar:file:/C:/Users/wadgu/.m2/repository/org/apache/kafka/kafka_2.13/3.8.1/kafka_2.13-3.8.1-test.jar!/junit-platform.properties
Mockito is currently self-attaching to enable the inline-mock-maker. This will no longer work in future releases of the JDK. Please add Mockito as an agent to your build what is described in Mockito's documentation: https://javadoc.io/doc/org.mockito/mockito-core/latest/org/mockito/Mockito.html#0.3
WARNING: A Java agent has been loaded dynamically (C:\Users\wadgu\.m2\repository\net\bytebuddy\byte-buddy-agent\1.15.11\byte-buddy-agent-1.15.11.jar)
WARNING: If a serviceability tool is in use, please run with -XX:+EnableDynamicAgentLoading to hide this warning
WARNING: If a serviceability tool is not in use, please run with -Djdk.instrument.traceUsage for more information
WARNING: Dynamic loading of agents will be disallowed by default in a future release
]]></system-err>
  </testcase>
</testsuite>