<?xml version="1.0" encoding="UTF-8"?>
<testsuite xmlns:xsi="http://www.w3.org/2001/XMLSchema-instance" xsi:noNamespaceSchemaLocation="https://maven.apache.org/surefire/maven-surefire-plugin/xsd/surefire-test-report.xsd" version="3.0.2" name="com.kaankaplan.eurekaserver.EurekaServerApplicationTests" time="31.28" tests="1" errors="0" skipped="0" failures="0">
  <properties>
[...]
</properties>
  <testcase name="contextLoads" classname="com.kaankaplan.eurekaserver.EurekaServerApplicationTests" time="2.313">
    <system-out><![CDATA[Standard Commons Logging discovery in action with spring-jcl: please remove commons-logging.jar from classpath in order to avoid potential conflicts
00:03:05.030 [main] INFO org.springframework.test.context.support.AnnotationConfigContextLoaderUtils -- Could not detect default configuration classes for test class [com.kaankaplan.eurekaserver.EurekaServerApplicationTests]: EurekaServerApplicationTests does not declare any static, non-private, non-final, nested classes annotated with @Configuration.
00:03:05.506 [main] INFO org.springframework.boot.test.context.SpringBootTestContextBootstrapper -- Found @SpringBootConfiguration com.kaankaplan.eurekaserver.EurekaServerApplication for test class com.kaankaplan.eurekaserver.EurekaServerApplicationTests

  .   ____          _            __ _ _
 /\\ / ___'_ __ _ _(_)_ __  __ _ \ \ \ \
( ( )\___ | '_ | '_| | '_ \/ _` | \ \ \ \
 \\/  ___)| |_)| | | | | || (_| |  ) ) ) )
  '  |____| .__|_| |_|_| |_\__, | / / / /
 =========|_|==============|___/=/_/_/_/

 :: Spring Boot ::                (v3.4.3)

2026-03-25T00:03:09.481+01:00  INFO 25324 --- [eureka-server] [           main] [                                                 ] c.k.e.EurekaServerApplicationTests       : Starting EurekaServerApplicationTests using Java 23.0.1 with PID 25324 (started by wadgu in C:\Users\wadgu\OneDrive\Desktop\Functional\moviestreaming\eureka-server)
2026-03-25T00:03:09.489+01:00  INFO 25324 --- [eureka-server] [           main] [                                                 ] c.k.e.EurekaServerApplicationTests       : No active profile set, falling back to 1 default profile: "default"
2026-03-25T00:03:16.018+01:00  INFO 25324 --- [eureka-server] [           main] [                                                 ] o.s.cloud.context.scope.GenericScope     : BeanFactory id=362ed084-92c5-3fd2-aec7-2df565d62bb3
2026-03-25T00:03:20.720+01:00  INFO 25324 --- [eureka-server] [           main] [                                                 ] o.s.v.b.OptionalValidatorFactoryBean     : Failed to set up a Bean Validation provider: jakarta.validation.NoProviderFoundException: Unable to create a Configuration, because no Jakarta Bean Validation provider could be found. Add a provider like Hibernate Validator (RI) to your classpath.
2026-03-25T00:03:25.758+01:00  INFO 25324 --- [eureka-server] [           main] [                                                 ] o.s.cloud.commons.util.InetUtils         : Cannot determine local hostname
2026-03-25T00:03:29.975+01:00  INFO 25324 --- [eureka-server] [           main] [                                                 ] o.s.cloud.commons.util.InetUtils         : Cannot determine local hostname
2026-03-25T00:03:30.217+01:00  WARN 25324 --- [eureka-server] [           main] [                                                 ] iguration$LoadBalancerCaffeineWarnLogger : Spring Cloud LoadBalancer is currently working with the default cache. While this cache implementation is useful for development and tests, it's recommended to use Caffeine cache in production.You can switch to using Caffeine cache, by adding it and org.springframework.cache.caffeine.CaffeineCacheManager to the classpath.
2026-03-25T00:03:31.337+01:00  INFO 25324 --- [eureka-server] [           main] [                                                 ] o.s.c.n.eureka.InstanceInfoFactory       : Setting initial instance status as: STARTING
2026-03-25T00:03:31.437+01:00  INFO 25324 --- [eureka-server] [           main] [                                                 ] com.netflix.discovery.DiscoveryClient    : Initializing Eureka in region us-east-1
2026-03-25T00:03:31.443+01:00  INFO 25324 --- [eureka-server] [           main] [                                                 ] com.netflix.discovery.DiscoveryClient    : Client configured to neither register nor query for data.
2026-03-25T00:03:31.450+01:00  INFO 25324 --- [eureka-server] [           main] [                                                 ] com.netflix.discovery.DiscoveryClient    : Discovery Client initialized at timestamp 1774393411447 with initial instances count: 0
2026-03-25T00:03:31.612+01:00  INFO 25324 --- [eureka-server] [           main] [                                                 ] c.n.eureka.DefaultEurekaServerContext    : Initializing ...
2026-03-25T00:03:31.618+01:00  INFO 25324 --- [eureka-server] [           main] [                                                 ] c.n.eureka.cluster.PeerEurekaNodes       : Adding new peer nodes [http://localhost:8761/eureka/]
2026-03-25T00:03:31.861+01:00  INFO 25324 --- [eureka-server] [           main] [                                                 ] c.n.d.provider.DiscoveryJerseyProvider   : Using JSON encoding codec LegacyJacksonJson
2026-03-25T00:03:31.861+01:00  INFO 25324 --- [eureka-server] [           main] [                                                 ] c.n.d.provider.DiscoveryJerseyProvider   : Using JSON decoding codec LegacyJacksonJson
2026-03-25T00:03:31.861+01:00  INFO 25324 --- [eureka-server] [           main] [                                                 ] c.n.d.provider.DiscoveryJerseyProvider   : Using XML encoding codec XStreamXml
2026-03-25T00:03:31.864+01:00  INFO 25324 --- [eureka-server] [           main] [                                                 ] c.n.d.provider.DiscoveryJerseyProvider   : Using XML decoding codec XStreamXml
2026-03-25T00:03:32.209+01:00  INFO 25324 --- [eureka-server] [           main] [                                                 ] c.n.eureka.cluster.PeerEurekaNodes       : Replica node URL:  http://localhost:8761/eureka/
2026-03-25T00:03:32.239+01:00  INFO 25324 --- [eureka-server] [           main] [                                                 ] c.n.e.registry.AbstractInstanceRegistry  : Finished initializing remote region registries. All known remote regions: []
2026-03-25T00:03:32.240+01:00  INFO 25324 --- [eureka-server] [           main] [                                                 ] c.n.eureka.DefaultEurekaServerContext    : Initialized
2026-03-25T00:03:32.576+01:00  INFO 25324 --- [eureka-server] [           main] [                                                 ] o.s.b.a.e.web.EndpointLinksResolver      : Exposing 2 endpoints beneath base path '/actuator'
2026-03-25T00:03:32.774+01:00  INFO 25324 --- [eureka-server] [           main] [                                                 ] o.s.c.n.e.s.EurekaServiceRegistry        : Registering application EUREKA-SERVER with eureka with status UP
2026-03-25T00:03:32.823+01:00  INFO 25324 --- [eureka-server] [      Thread-11] [                                                 ] o.s.c.n.e.server.EurekaServerBootstrap   : isAws returned false
2026-03-25T00:03:32.827+01:00  INFO 25324 --- [eureka-server] [      Thread-11] [                                                 ] o.s.c.n.e.server.EurekaServerBootstrap   : Initialized server context
2026-03-25T00:03:32.827+01:00  INFO 25324 --- [eureka-server] [      Thread-11] [                                                 ] c.n.e.r.PeerAwareInstanceRegistryImpl    : Got 1 instances from neighboring DS node
2026-03-25T00:03:32.828+01:00  INFO 25324 --- [eureka-server] [      Thread-11] [                                                 ] c.n.e.r.PeerAwareInstanceRegistryImpl    : Renew threshold is: 1
2026-03-25T00:03:32.829+01:00  INFO 25324 --- [eureka-server] [      Thread-11] [                                                 ] c.n.e.r.PeerAwareInstanceRegistryImpl    : Changing status to UP
2026-03-25T00:03:32.842+01:00  INFO 25324 --- [eureka-server] [      Thread-11] [                                                 ] e.s.EurekaServerInitializerConfiguration : Started Eureka Server
2026-03-25T00:03:32.850+01:00  INFO 25324 --- [eureka-server] [           main] [                                                 ] c.k.e.EurekaServerApplicationTests       : Started EurekaServerApplicationTests in 25.891 seconds (process running for 31.345)
]]></system-out>
    <system-err><![CDATA[Mockito is currently self-attaching to enable the inline-mock-maker. This will no longer work in future releases of the JDK. Please add Mockito as an agent to your build what is described in Mockito's documentation: https://javadoc.io/doc/org.mockito/mockito-core/latest/org/mockito/Mockito.html#0.3
WARNING: A Java agent has been loaded dynamically (C:\Users\wadgu\.m2\repository\net\bytebuddy\byte-buddy-agent\1.15.11\byte-buddy-agent-1.15.11.jar)
WARNING: If a serviceability tool is in use, please run with -XX:+EnableDynamicAgentLoading to hide this warning
WARNING: If a serviceability tool is not in use, please run with -Djdk.instrument.traceUsage for more information
WARNING: Dynamic loading of agents will be disallowed by default in a future release
]]></system-err>
  </testcase>
</testsuite>